linux-headers
pipewire
pipewire-alsa
pipewire-audio
pipewire-jack
pipewire-pulse
wireplumber
networkmanager
network-manager-applet-git
bluez-git
blueman-git
qt5ct
qt5-quickcontrols-git
qt5-quickcontrols2-git
qt5-graphicaleffects-git
qt6-5compat
qt6ct-git
qt6-wayland
qt6-base
qt6-declarative
qt6-imageformats
qt6-shadertools
qt6-svg
qt6-translations
fcitx5-git
fcitx5-qt
fcitx5-gtk
fcitx5-configtool
xfce-polkit-git
xdg-desktop-portal-hyprland-git
sddm-git
hyprland-git
hyprshade-git
dunst
rofi-lbonn-wayland-git
waybar-git
hyprpaper-git
swaylock-effects-git
wlogout-git
grimblast-git
slurp-git
swappy-git
cliphist
pacman-contrib-git
parallel
imagemagick
ffmpeg-git
pavucontrol-git
pamixer
nwg-look
kvantum-git
yandex-browser
neofetch-git
btop-git
alacritty-git
visual-studio-code-bin
gvim
zsh-git
lsd
fzf-git
notion-app-electron
p7zip
qbittorrent-git
steam
telegram-desktop
ttf-nerd-fonts-symbols-mono
dnscrypt-proxy