Font_CascadiaCove|$HOME/.local/share/fonts
Font_JetBrainsMono|$HOME/.local/share/fonts
Font_MapleNerd|$HOME/.local/share/fonts
Font_MononokiNerd|$HOME/.local/share/fonts
Font_FiraCode|$HOME/.local/share/fonts
Font_NotoSansCJK|/usr/share/fonts
Gtk_CatppuccinMocha|/usr/share/themes
Gtk_CatppuccinMocha|$HOME/.themes
Gtk_CatppuccinLatte|/usr/share/themes
Gtk_CatppuccinLatte|$HOME/.themes
Icon_TelaBlack|/usr/share/icons
Icon_TelaBlack|$HOME/.icons
Icon_TelaDracula|/usr/share/icons
Icon_TelaDracula|$HOME/.icons
Icon_TelaGrey|/usr/share/icons
Icon_TelaGrey|$HOME/.icons
Icon_TelaPink|/usr/share/icons
Icon_TelaPink|$HOME/.icons
Cursor_BibataIce|/usr/share/icons
Cursor_BibataIce|$HOME/.icons
